2018-04-19 15:14:09 INFO  DataHandler:23 - helloooooooooooo
2018-04-19 15:22:33 INFO  DataHandler:23 - Input line: []
2018-04-19 15:22:33 ERROR DataHandler:53 - Город не указан!
2018-04-19 15:43:05 INFO  DataHandler:23 - Input line: []
2018-04-19 15:43:05 ERROR DataHandler:47 - Параметр city не может быть пустым! Программа завершена.
2018-04-19 15:43:05 INFO  DataHandler:23 - Input line: []
2018-04-19 15:43:05 ERROR DataHandler:55 - Город не указан! Программа завершена.
2018-04-19 15:43:05 INFO  DataHandler:23 - Input line: [Costa, Rica]
2018-04-19 15:43:05 INFO  DataHandler:66 - city(DataHandle): Costa Rica , timezone(DataHandle): America/Costa_Rica
2018-04-19 15:43:05 INFO  DataHandler:23 - Input line: [Dnipro, Cuba]
2018-04-19 15:43:05 INFO  DataHandler:66 - city(DataHandle): Dnipro , timezone(DataHandle): Cuba
2018-04-19 15:43:05 INFO  DataHandler:23 - Input line: [City     ,      Name,           Etc/GMT+10]
2018-04-19 15:43:05 INFO  DataHandler:66 - city(DataHandle): City Name , timezone(DataHandle): Etc/GMT+10
2018-04-19 15:43:05 INFO  DataHandler:23 - Input line: [CityOnCuba_, Cuba]
2018-04-19 15:43:05 ERROR DataHandler:62 - Доп символы кроме пробелов и букв в названии города недопустимы: CityOnCuba_ 
Программа завершена.
2018-04-19 15:43:05 INFO  DataHandler:23 - Input line: [CityOnCuba, Cuba!]
2018-04-19 15:43:05 ERROR DataHandler:36 - Последий параметр не является идентификатором. Доп символы кроме пробелов и букв в названии города недопустимы: CityOnCuba Cuba! 
Программа завершена.
2018-04-19 15:43:05 INFO  DataHandler:23 - Input line: [Dnipro]
2018-04-19 15:43:05 INFO  DataHandler:66 - city(DataHandle): Dnipro , timezone(DataHandle): GMT
2018-04-19 15:43:05 INFO  DataHandler:23 - Input line: [Kiev_]
2018-04-19 15:43:05 ERROR DataHandler:62 - Доп символы кроме пробелов и букв в названии города недопустимы: Kiev_ 
Программа завершена.
2018-04-19 15:43:11 ERROR DataHandler:25 - Параметр city не может быть пустым!
2018-04-19 15:43:11 ERROR DataHandler:21 - Ни один из параметров не может быть null!
2018-04-19 15:43:11 INFO  DataHandler:30 - Час текущей таймзоны: 12
2018-04-19 15:43:11 INFO  DataHandler:36 - Локаль: RU
2018-04-19 15:43:11 INFO  DataHandler:41 - Greeter class returned string: Добрый день, CITYNAME
2018-04-19 15:43:11 INFO  DataHandler:30 - Час текущей таймзоны: 22
2018-04-19 15:43:11 INFO  DataHandler:36 - Локаль: RU
2018-04-19 15:43:11 INFO  DataHandler:41 - Greeter class returned string: Добрый вечер, CITYNAME
2018-04-19 15:43:11 ERROR DataHandler:21 - Ни один из параметров не может быть null!
2018-04-19 15:43:11 INFO  DataHandler:30 - Час текущей таймзоны: 8
2018-04-19 15:43:11 INFO  DataHandler:36 - Локаль: RU
2018-04-19 15:43:11 INFO  DataHandler:41 - Greeter class returned string: Доброе утро, CITYNAME
2018-04-19 15:57:51 INFO  DataHandler:23 - Input line: []
2018-04-19 15:57:51 ERROR DataHandler:55 - Город не указан! Программа завершена.
2018-04-19 16:36:46 INFO  DataHandler:23 - Input line: []
2018-04-19 16:36:46 ERROR DataHandler:55 - Город не указан! Программа завершена.
2018-04-19 16:46:32 ERROR DataHandler:25 - Параметр city не может быть пустым!
2018-04-19 16:46:32 ERROR DataHandler:21 - Ни один из параметров не может быть null!
2018-04-19 16:46:32 INFO  DataHandler:30 - Час текущей таймзоны: 13
2018-04-19 16:46:32 INFO  DataHandler:36 - Локаль: RU
2018-04-19 16:46:32 INFO  DataHandler:41 - Greeter class returned string: Добрый день, CITYNAME
2018-04-19 16:46:32 INFO  DataHandler:30 - Час текущей таймзоны: 23
2018-04-19 16:46:32 INFO  DataHandler:36 - Локаль: RU
2018-04-19 16:46:32 INFO  DataHandler:41 - Greeter class returned string: Спокойной ночи, CITYNAME
2018-04-19 16:46:32 ERROR DataHandler:21 - Ни один из параметров не может быть null!
2018-04-19 16:46:32 INFO  DataHandler:30 - Час текущей таймзоны: 9
2018-04-19 16:46:32 INFO  DataHandler:36 - Локаль: RU
2018-04-19 16:46:32 INFO  DataHandler:41 - Greeter class returned string: Добрый день, CITYNAME
2018-04-19 16:46:32 INFO  DataHandler:23 - Input line: []
2018-04-19 16:46:32 ERROR DataHandler:47 - Параметр city не может быть пустым! Программа завершена.
2018-04-19 16:46:32 INFO  DataHandler:23 - Input line: []
2018-04-19 16:46:32 ERROR DataHandler:55 - Город не указан! Программа завершена.
2018-04-19 16:46:32 INFO  DataHandler:23 - Input line: [Costa, Rica]
2018-04-19 16:46:32 INFO  DataHandler:66 - city(DataHandle): Costa Rica , timezone(DataHandle): America/Costa_Rica
2018-04-19 16:46:32 INFO  DataHandler:23 - Input line: [Dnipro, Cuba]
2018-04-19 16:46:32 INFO  DataHandler:66 - city(DataHandle): Dnipro , timezone(DataHandle): Cuba
2018-04-19 16:46:32 INFO  DataHandler:23 - Input line: [City     ,      Name,           Etc/GMT+10]
2018-04-19 16:46:32 INFO  DataHandler:66 - city(DataHandle): City Name , timezone(DataHandle): Etc/GMT+10
2018-04-19 16:46:32 INFO  DataHandler:23 - Input line: [CityOnCuba_, Cuba]
2018-04-19 16:46:32 ERROR DataHandler:62 - Доп символы кроме пробелов и букв в названии города недопустимы: CityOnCuba_ 
Программа завершена.
2018-04-19 16:46:32 INFO  DataHandler:23 - Input line: [CityOnCuba, Cuba!]
2018-04-19 16:46:32 ERROR DataHandler:36 - Последий параметр не является идентификатором. Доп символы кроме пробелов и букв в названии города недопустимы: CityOnCuba Cuba! 
Программа завершена.
2018-04-19 16:46:32 INFO  DataHandler:23 - Input line: [Dnipro]
2018-04-19 16:46:32 INFO  DataHandler:66 - city(DataHandle): Dnipro , timezone(DataHandle): GMT
2018-04-19 16:46:32 INFO  DataHandler:23 - Input line: [Kiev_]
2018-04-19 16:46:32 ERROR DataHandler:62 - Доп символы кроме пробелов и букв в названии города недопустимы: Kiev_ 
Программа завершена.
2018-04-19 16:46:55 ERROR DataHandler:25 - Параметр city не может быть пустым!
2018-04-19 16:46:55 ERROR DataHandler:21 - Ни один из параметров не может быть null!
2018-04-19 16:46:55 INFO  DataHandler:30 - Час текущей таймзоны: 13
2018-04-19 16:46:55 INFO  DataHandler:36 - Локаль: RU
2018-04-19 16:46:55 INFO  DataHandler:41 - Greeter class returned string: Добрый день, CITYNAME
2018-04-19 16:46:55 INFO  DataHandler:30 - Час текущей таймзоны: 23
2018-04-19 16:46:55 INFO  DataHandler:36 - Локаль: RU
2018-04-19 16:46:55 INFO  DataHandler:41 - Greeter class returned string: Спокойной ночи, CITYNAME
2018-04-19 16:46:55 ERROR DataHandler:21 - Ни один из параметров не может быть null!
2018-04-19 16:46:55 INFO  DataHandler:30 - Час текущей таймзоны: 9
2018-04-19 16:46:55 INFO  DataHandler:36 - Локаль: RU
2018-04-19 16:46:55 INFO  DataHandler:41 - Greeter class returned string: Добрый день, CITYNAME
2018-04-19 16:47:36 ERROR DataHandler:25 - Параметр city не может быть пустым!
2018-04-19 16:47:36 ERROR DataHandler:21 - Ни один из параметров не может быть null!
2018-04-19 16:47:36 INFO  DataHandler:30 - Час текущей таймзоны: 13
2018-04-19 16:47:36 INFO  DataHandler:36 - Локаль: RU
2018-04-19 16:47:36 INFO  DataHandler:41 - Greeter class returned string: Добрый день, CITYNAME
2018-04-19 16:47:36 INFO  DataHandler:30 - Час текущей таймзоны: 23
2018-04-19 16:47:36 INFO  DataHandler:36 - Локаль: RU
2018-04-19 16:47:36 INFO  DataHandler:41 - Greeter class returned string: Спокойной ночи, CITYNAME
2018-04-19 16:47:36 ERROR DataHandler:21 - Ни один из параметров не может быть null!
2018-04-19 16:47:36 INFO  DataHandler:30 - Час текущей таймзоны: 9
2018-04-19 16:47:36 INFO  DataHandler:36 - Локаль: RU
2018-04-19 16:47:36 INFO  DataHandler:41 - Greeter class returned string: Добрый день, CITYNAME
2018-04-19 16:47:36 INFO  DataHandler:23 - Input line: []
2018-04-19 16:47:36 ERROR DataHandler:47 - Параметр city не может быть пустым! Программа завершена.
2018-04-19 16:47:36 INFO  DataHandler:23 - Input line: []
2018-04-19 16:47:36 ERROR DataHandler:55 - Город не указан! Программа завершена.
2018-04-19 16:47:36 INFO  DataHandler:23 - Input line: [Costa, Rica]
2018-04-19 16:47:36 INFO  DataHandler:66 - city(DataHandle): Costa Rica , timezone(DataHandle): America/Costa_Rica
2018-04-19 16:47:36 INFO  DataHandler:23 - Input line: [Dnipro, Cuba]
2018-04-19 16:47:36 INFO  DataHandler:66 - city(DataHandle): Dnipro , timezone(DataHandle): Cuba
2018-04-19 16:47:36 INFO  DataHandler:23 - Input line: [City     ,      Name,           Etc/GMT+10]
2018-04-19 16:47:36 INFO  DataHandler:66 - city(DataHandle): City Name , timezone(DataHandle): Etc/GMT+10
2018-04-19 16:47:36 INFO  DataHandler:23 - Input line: [CityOnCuba_, Cuba]
2018-04-19 16:47:36 ERROR DataHandler:62 - Доп символы кроме пробелов и букв в названии города недопустимы: CityOnCuba_ 
Программа завершена.
2018-04-19 16:47:36 INFO  DataHandler:23 - Input line: [CityOnCuba, Cuba!]
2018-04-19 16:47:36 ERROR DataHandler:36 - Последий параметр не является идентификатором. Доп символы кроме пробелов и букв в названии города недопустимы: CityOnCuba Cuba! 
Программа завершена.
2018-04-19 16:47:36 INFO  DataHandler:23 - Input line: [Dnipro]
2018-04-19 16:47:36 INFO  DataHandler:66 - city(DataHandle): Dnipro , timezone(DataHandle): GMT
2018-04-19 16:47:36 INFO  DataHandler:23 - Input line: [Kiev_]
2018-04-19 16:47:36 ERROR DataHandler:62 - Доп символы кроме пробелов и букв в названии города недопустимы: Kiev_ 
Программа завершена.
2018-04-19 17:52:41 INFO  DataHandler:25 - Input line: []
2018-04-19 17:52:41 ERROR DataHandler:57 - Город не указан! Программа завершена.
2018-04-19 17:53:03 ERROR DataHandler:25 - Параметр city не может быть пустым!
2018-04-19 17:53:03 ERROR DataHandler:21 - Ни один из параметров не может быть null!
2018-04-19 17:53:03 INFO  DataHandler:30 - Час текущей таймзоны: 14
2018-04-19 17:53:03 INFO  DataHandler:36 - Локаль: US
2018-04-19 17:53:03 INFO  DataHandler:41 - Greeter class returned string: Good day, CITYNAME
2018-04-19 17:53:03 INFO  DataHandler:30 - Час текущей таймзоны: 0
2018-04-19 17:53:03 INFO  DataHandler:36 - Локаль: US
2018-04-19 17:53:03 INFO  DataHandler:41 - Greeter class returned string: Good night, CITYNAME
2018-04-19 17:53:03 ERROR DataHandler:21 - Ни один из параметров не может быть null!
2018-04-19 17:53:03 INFO  DataHandler:30 - Час текущей таймзоны: 10
2018-04-19 17:53:03 INFO  DataHandler:36 - Локаль: US
2018-04-19 17:53:03 INFO  DataHandler:41 - Greeter class returned string: Good day, CITYNAME
2018-04-19 17:53:03 INFO  DataHandler:25 - Input line: []
2018-04-19 17:53:03 ERROR DataHandler:49 - Параметр city не может быть пустым! Программа завершена.
2018-04-19 17:53:03 INFO  DataHandler:25 - Input line: []
2018-04-19 17:53:03 ERROR DataHandler:57 - Город не указан! Программа завершена.
2018-04-19 17:53:03 INFO  DataHandler:25 - Input line: [Costa, Rica]
2018-04-19 17:53:03 INFO  DataHandler:68 - city(DataHandle): Costa Rica , timezone(DataHandle): America/Costa_Rica
2018-04-19 17:53:03 INFO  DataHandler:25 - Input line: [Dnipro, Cuba]
2018-04-19 17:53:03 INFO  DataHandler:68 - city(DataHandle): Dnipro , timezone(DataHandle): Cuba
2018-04-19 17:53:03 INFO  DataHandler:25 - Input line: [City     ,      Name,           Etc/GMT+10]
2018-04-19 17:53:03 INFO  DataHandler:68 - city(DataHandle): City Name , timezone(DataHandle): Etc/GMT+10
2018-04-19 17:53:03 INFO  DataHandler:25 - Input line: [CityOnCuba_, Cuba]
2018-04-19 17:53:03 ERROR DataHandler:64 - Доп символы кроме пробелов и букв в названии города недопустимы: CityOnCuba_ 
Программа завершена.
2018-04-19 17:53:03 INFO  DataHandler:25 - Input line: [CityOnCuba, Cuba!]
2018-04-19 17:53:03 ERROR DataHandler:38 - Последий параметр не является идентификатором, значит относится к городу. Доп символы кроме пробелов и букв в названии города недопустимы: CityOnCuba Cuba! 
Программа завершена.
2018-04-19 17:53:03 INFO  DataHandler:25 - Input line: [Dnipro]
2018-04-19 17:53:03 INFO  DataHandler:68 - city(DataHandle): Dnipro , timezone(DataHandle): GMT
2018-04-19 17:53:03 INFO  DataHandler:25 - Input line: [Kiev_]
2018-04-19 17:53:03 ERROR DataHandler:64 - Доп символы кроме пробелов и букв в названии города недопустимы: Kiev_ 
Программа завершена.
2018-04-19 17:56:20 ERROR DataHandler:25 - Параметр city не может быть пустым!
2018-04-19 17:56:20 ERROR DataHandler:21 - Ни один из параметров не может быть null!
2018-04-19 17:56:20 INFO  DataHandler:30 - Час текущей таймзоны: 14
2018-04-19 17:56:20 INFO  DataHandler:36 - Локаль: US
2018-04-19 17:56:20 INFO  DataHandler:41 - Greeter class returned string: Good day, CITYNAME
2018-04-19 17:56:20 INFO  DataHandler:30 - Час текущей таймзоны: 0
2018-04-19 17:56:20 INFO  DataHandler:36 - Локаль: US
2018-04-19 17:56:20 INFO  DataHandler:41 - Greeter class returned string: Good night, CITYNAME
2018-04-19 17:56:20 ERROR DataHandler:21 - Ни один из параметров не может быть null!
2018-04-19 17:56:20 INFO  DataHandler:30 - Час текущей таймзоны: 10
2018-04-19 17:56:20 INFO  DataHandler:36 - Локаль: US
2018-04-19 17:56:20 INFO  DataHandler:41 - Greeter class returned string: Good day, CITYNAME
2018-04-19 17:56:20 INFO  DataHandler:25 - Input line: []
2018-04-19 17:56:20 ERROR DataHandler:49 - Параметр city не может быть пустым! Программа завершена.
2018-04-19 17:56:20 INFO  DataHandler:25 - Input line: []
2018-04-19 17:56:20 ERROR DataHandler:57 - Город не указан! Программа завершена.
2018-04-19 17:56:20 INFO  DataHandler:25 - Input line: [Costa, Rica]
2018-04-19 17:56:20 INFO  DataHandler:68 - city(DataHandle): Costa Rica , timezone(DataHandle): America/Costa_Rica
2018-04-19 17:56:20 INFO  DataHandler:25 - Input line: [Dnipro, Cuba]
2018-04-19 17:56:20 INFO  DataHandler:68 - city(DataHandle): Dnipro , timezone(DataHandle): Cuba
2018-04-19 17:56:20 INFO  DataHandler:25 - Input line: [City     ,      Name,           Etc/GMT+10]
2018-04-19 17:56:20 INFO  DataHandler:68 - city(DataHandle): City Name , timezone(DataHandle): Etc/GMT+10
2018-04-19 17:56:20 INFO  DataHandler:25 - Input line: [CityOnCuba_, Cuba]
2018-04-19 17:56:20 ERROR DataHandler:64 - Доп символы кроме пробелов и букв в названии города недопустимы: CityOnCuba_ 
Программа завершена.
2018-04-19 17:56:20 INFO  DataHandler:25 - Input line: [CityOnCuba, Cuba!]
2018-04-19 17:56:20 ERROR DataHandler:38 - Последий параметр не является идентификатором, значит относится к городу. Доп символы кроме пробелов и букв в названии города недопустимы: CityOnCuba Cuba! 
Программа завершена.
2018-04-19 17:56:20 INFO  DataHandler:25 - Input line: [Dnipro]
2018-04-19 17:56:20 INFO  DataHandler:68 - city(DataHandle): Dnipro , timezone(DataHandle): GMT
2018-04-19 17:56:20 INFO  DataHandler:25 - Input line: [Kiev_]
2018-04-19 17:56:20 ERROR DataHandler:64 - Доп символы кроме пробелов и букв в названии города недопустимы: Kiev_ 
Программа завершена.
2018-04-19 17:57:52 INFO  DataHandler:25 - Input line: []
2018-04-19 17:57:52 ERROR DataHandler:57 - Город не указан! Программа завершена.
2018-04-19 18:00:13 ERROR DataHandler:25 - Параметр city не может быть пустым!
2018-04-19 18:00:13 ERROR DataHandler:21 - Ни один из параметров не может быть null!
2018-04-19 18:00:13 INFO  DataHandler:30 - Час текущей таймзоны: 15
2018-04-19 18:00:13 INFO  DataHandler:36 - Локаль: US
2018-04-19 18:00:13 INFO  DataHandler:41 - Greeter class returned string: Good day, CITYNAME
2018-04-19 18:00:13 INFO  DataHandler:30 - Час текущей таймзоны: 1
2018-04-19 18:00:13 INFO  DataHandler:36 - Локаль: US
2018-04-19 18:00:13 INFO  DataHandler:41 - Greeter class returned string: Good night, CITYNAME
2018-04-19 18:00:13 ERROR DataHandler:21 - Ни один из параметров не может быть null!
2018-04-19 18:00:13 INFO  DataHandler:30 - Час текущей таймзоны: 11
2018-04-19 18:00:13 INFO  DataHandler:36 - Локаль: US
2018-04-19 18:00:13 INFO  DataHandler:41 - Greeter class returned string: Good day, CITYNAME
2018-04-19 18:00:13 INFO  DataHandler:25 - Input line: []
2018-04-19 18:00:13 ERROR DataHandler:49 - Параметр city не может быть пустым! Программа завершена.
2018-04-19 18:00:13 INFO  DataHandler:25 - Input line: []
2018-04-19 18:00:13 ERROR DataHandler:57 - Город не указан! Программа завершена.
2018-04-19 18:00:13 INFO  DataHandler:25 - Input line: [Costa, Rica]
2018-04-19 18:00:13 INFO  DataHandler:68 - city(DataHandle): Costa Rica , timezone(DataHandle): America/Costa_Rica
2018-04-19 18:00:13 INFO  DataHandler:25 - Input line: [Dnipro, Cuba]
2018-04-19 18:00:13 INFO  DataHandler:68 - city(DataHandle): Dnipro , timezone(DataHandle): Cuba
2018-04-19 18:00:13 INFO  DataHandler:25 - Input line: [City     ,      Name,           Etc/GMT+10]
2018-04-19 18:00:13 INFO  DataHandler:68 - city(DataHandle): City Name , timezone(DataHandle): Etc/GMT+10
2018-04-19 18:00:13 INFO  DataHandler:25 - Input line: [CityOnCuba_, Cuba]
2018-04-19 18:00:13 ERROR DataHandler:64 - Доп символы кроме пробелов и букв в названии города недопустимы: CityOnCuba_ 
Программа завершена.
2018-04-19 18:00:13 INFO  DataHandler:25 - Input line: [CityOnCuba, Cuba!]
2018-04-19 18:00:13 ERROR DataHandler:38 - Последий параметр не является идентификатором, значит относится к городу. Доп символы кроме пробелов и букв в названии города недопустимы: CityOnCuba Cuba! 
Программа завершена.
2018-04-19 18:00:13 INFO  DataHandler:25 - Input line: [Dnipro]
2018-04-19 18:00:13 INFO  DataHandler:68 - city(DataHandle): Dnipro , timezone(DataHandle): GMT
2018-04-19 18:00:13 INFO  DataHandler:25 - Input line: [Kiev_]
2018-04-19 18:00:13 ERROR DataHandler:64 - Доп символы кроме пробелов и букв в названии города недопустимы: Kiev_ 
Программа завершена.
2018-04-19 18:02:38 ERROR DataHandler:25 - Параметр city не может быть пустым!
2018-04-19 18:02:38 ERROR DataHandler:21 - Ни один из параметров не может быть null!
2018-04-19 18:02:38 INFO  DataHandler:30 - Час текущей таймзоны: 15
2018-04-19 18:02:38 INFO  DataHandler:36 - Локаль: US
2018-04-19 18:02:38 INFO  DataHandler:41 - Greeter class returned string: Good day, CITYNAME
2018-04-19 18:02:38 INFO  DataHandler:30 - Час текущей таймзоны: 1
2018-04-19 18:02:38 INFO  DataHandler:36 - Локаль: US
2018-04-19 18:02:38 INFO  DataHandler:41 - Greeter class returned string: Good night, CITYNAME
2018-04-19 18:02:38 ERROR DataHandler:21 - Ни один из параметров не может быть null!
2018-04-19 18:02:38 INFO  DataHandler:30 - Час текущей таймзоны: 11
2018-04-19 18:02:38 INFO  DataHandler:36 - Локаль: US
2018-04-19 18:02:38 INFO  DataHandler:41 - Greeter class returned string: Good day, CITYNAME
2018-04-19 18:02:38 INFO  DataHandler:25 - Input line: []
2018-04-19 18:02:38 ERROR DataHandler:49 - Параметр city не может быть пустым! Программа завершена.
2018-04-19 18:02:38 INFO  DataHandler:25 - Input line: []
2018-04-19 18:02:38 ERROR DataHandler:57 - Город не указан! Программа завершена.
2018-04-19 18:02:38 INFO  DataHandler:25 - Input line: [Costa, Rica]
2018-04-19 18:02:38 INFO  DataHandler:68 - city(DataHandle): Costa Rica , timezone(DataHandle): America/Costa_Rica
2018-04-19 18:02:38 INFO  DataHandler:25 - Input line: [Dnipro, Cuba]
2018-04-19 18:02:38 INFO  DataHandler:68 - city(DataHandle): Dnipro , timezone(DataHandle): Cuba
2018-04-19 18:02:38 INFO  DataHandler:25 - Input line: [City     ,      Name,           Etc/GMT+10]
2018-04-19 18:02:38 INFO  DataHandler:68 - city(DataHandle): City Name , timezone(DataHandle): Etc/GMT+10
2018-04-19 18:02:38 INFO  DataHandler:25 - Input line: [CityOnCuba_, Cuba]
2018-04-19 18:02:38 ERROR DataHandler:64 - Доп символы кроме пробелов и букв в названии города недопустимы: CityOnCuba_ 
Программа завершена.
2018-04-19 18:02:38 INFO  DataHandler:25 - Input line: [CityOnCuba, Cuba!]
2018-04-19 18:02:38 ERROR DataHandler:38 - Последий параметр не является идентификатором, значит относится к городу. Доп символы кроме пробелов и букв в названии города недопустимы: CityOnCuba Cuba! 
Программа завершена.
2018-04-19 18:02:38 INFO  DataHandler:25 - Input line: [Dnipro]
2018-04-19 18:02:38 INFO  DataHandler:68 - city(DataHandle): Dnipro , timezone(DataHandle): GMT
2018-04-19 18:02:38 INFO  DataHandler:25 - Input line: [Kiev_]
2018-04-19 18:02:38 ERROR DataHandler:64 - Доп символы кроме пробелов и букв в названии города недопустимы: Kiev_ 
Программа завершена.
2018-04-19 18:05:25 ERROR DataHandler:25 - Параметр city не может быть пустым!
2018-04-19 18:05:25 ERROR DataHandler:21 - Ни один из параметров не может быть null!
2018-04-19 18:05:25 INFO  DataHandler:30 - Час текущей таймзоны: 15
2018-04-19 18:05:25 INFO  DataHandler:36 - Локаль: US
2018-04-19 18:05:25 INFO  DataHandler:41 - Greeter class returned string: Good day, CITYNAME
2018-04-19 18:05:25 INFO  DataHandler:30 - Час текущей таймзоны: 1
2018-04-19 18:05:25 INFO  DataHandler:36 - Локаль: US
2018-04-19 18:05:25 INFO  DataHandler:41 - Greeter class returned string: Good night, CITYNAME
2018-04-19 18:05:25 ERROR DataHandler:21 - Ни один из параметров не может быть null!
2018-04-19 18:05:25 INFO  DataHandler:30 - Час текущей таймзоны: 11
2018-04-19 18:05:25 INFO  DataHandler:36 - Локаль: US
2018-04-19 18:05:25 INFO  DataHandler:41 - Greeter class returned string: Good day, CITYNAME
2018-04-19 18:05:25 INFO  DataHandler:25 - Input line: []
2018-04-19 18:05:25 ERROR DataHandler:49 - Параметр city не может быть пустым! Программа завершена.
2018-04-19 18:05:25 INFO  DataHandler:25 - Input line: []
2018-04-19 18:05:25 ERROR DataHandler:57 - Город не указан! Программа завершена.
2018-04-19 18:05:25 INFO  DataHandler:25 - Input line: [Costa, Rica]
2018-04-19 18:05:25 INFO  DataHandler:68 - city(DataHandle): Costa Rica , timezone(DataHandle): America/Costa_Rica
2018-04-19 18:05:25 INFO  DataHandler:25 - Input line: [Dnipro, Cuba]
2018-04-19 18:05:25 INFO  DataHandler:68 - city(DataHandle): Dnipro , timezone(DataHandle): Cuba
2018-04-19 18:05:25 INFO  DataHandler:25 - Input line: [City     ,      Name,           Etc/GMT+10]
2018-04-19 18:05:25 INFO  DataHandler:68 - city(DataHandle): City Name , timezone(DataHandle): Etc/GMT+10
2018-04-19 18:05:25 INFO  DataHandler:25 - Input line: [CityOnCuba_, Cuba]
2018-04-19 18:05:25 ERROR DataHandler:64 - Доп символы кроме пробелов и букв в названии города недопустимы: CityOnCuba_ 
Программа завершена.
2018-04-19 18:05:25 INFO  DataHandler:25 - Input line: [CityOnCuba, Cuba!]
2018-04-19 18:05:25 ERROR DataHandler:38 - Последий параметр не является идентификатором, значит относится к городу. Доп символы кроме пробелов и букв в названии города недопустимы: CityOnCuba Cuba! 
Программа завершена.
2018-04-19 18:05:25 INFO  DataHandler:25 - Input line: [Dnipro]
2018-04-19 18:05:25 INFO  DataHandler:68 - city(DataHandle): Dnipro , timezone(DataHandle): GMT
2018-04-19 18:05:25 INFO  DataHandler:25 - Input line: [Kiev_]
2018-04-19 18:05:25 ERROR DataHandler:64 - Доп символы кроме пробелов и букв в названии города недопустимы: Kiev_ 
Программа завершена.
2018-04-19 18:10:08 ERROR DataHandler:25 - Параметр city не может быть пустым!
2018-04-19 18:10:08 ERROR DataHandler:21 - Ни один из параметров не может быть null!
2018-04-19 18:10:08 INFO  DataHandler:30 - Час текущей таймзоны: 15
2018-04-19 18:10:08 INFO  DataHandler:36 - Локаль: US
2018-04-19 18:10:08 INFO  DataHandler:41 - Greeter class returned string: Good day, CITYNAME
2018-04-19 18:10:08 INFO  DataHandler:30 - Час текущей таймзоны: 1
2018-04-19 18:10:08 INFO  DataHandler:36 - Локаль: US
2018-04-19 18:10:08 INFO  DataHandler:41 - Greeter class returned string: Good night, CITYNAME
2018-04-19 18:10:08 ERROR DataHandler:21 - Ни один из параметров не может быть null!
2018-04-19 18:10:08 INFO  DataHandler:30 - Час текущей таймзоны: 11
2018-04-19 18:10:08 INFO  DataHandler:36 - Локаль: US
2018-04-19 18:10:08 INFO  DataHandler:41 - Greeter class returned string: Good day, CITYNAME
2018-04-19 18:10:08 INFO  DataHandler:25 - Input line: []
2018-04-19 18:10:08 ERROR DataHandler:49 - Параметр city не может быть пустым! Программа завершена.
2018-04-19 18:10:08 INFO  DataHandler:25 - Input line: []
2018-04-19 18:10:08 ERROR DataHandler:57 - Город не указан! Программа завершена.
2018-04-19 18:10:08 INFO  DataHandler:25 - Input line: [Costa, Rica]
2018-04-19 18:10:08 INFO  DataHandler:68 - city(DataHandle): Costa Rica , timezone(DataHandle): America/Costa_Rica
2018-04-19 18:10:08 INFO  DataHandler:25 - Input line: [Dnipro, Cuba]
2018-04-19 18:10:08 INFO  DataHandler:68 - city(DataHandle): Dnipro , timezone(DataHandle): Cuba
2018-04-19 18:10:08 INFO  DataHandler:25 - Input line: [City     ,      Name,           Etc/GMT+10]
2018-04-19 18:10:08 INFO  DataHandler:68 - city(DataHandle): City Name , timezone(DataHandle): Etc/GMT+10
2018-04-19 18:10:08 INFO  DataHandler:25 - Input line: [CityOnCuba_, Cuba]
2018-04-19 18:10:08 ERROR DataHandler:64 - Доп символы кроме пробелов и букв в названии города недопустимы: CityOnCuba_ 
Программа завершена.
2018-04-19 18:10:08 INFO  DataHandler:25 - Input line: [CityOnCuba, Cuba!]
2018-04-19 18:10:08 ERROR DataHandler:38 - Последий параметр не является идентификатором, значит относится к городу. Доп символы кроме пробелов и букв в названии города недопустимы: CityOnCuba Cuba! 
Программа завершена.
2018-04-19 18:10:08 INFO  DataHandler:25 - Input line: [Dnipro]
2018-04-19 18:10:08 INFO  DataHandler:68 - city(DataHandle): Dnipro , timezone(DataHandle): GMT
2018-04-19 18:10:08 INFO  DataHandler:25 - Input line: [Kiev_]
2018-04-19 18:10:08 ERROR DataHandler:64 - Доп символы кроме пробелов и букв в названии города недопустимы: Kiev_ 
Программа завершена.
2018-04-19 18:12:28 ERROR DataHandler:25 - Параметр city не может быть пустым!
2018-04-19 18:12:28 ERROR DataHandler:21 - Ни один из параметров не может быть null!
2018-04-19 18:12:28 INFO  DataHandler:30 - Час текущей таймзоны: 15
2018-04-19 18:12:28 INFO  DataHandler:36 - Локаль: US
2018-04-19 18:12:28 INFO  DataHandler:41 - Greeter class returned string: Good day, CITYNAME
2018-04-19 18:12:28 INFO  DataHandler:30 - Час текущей таймзоны: 1
2018-04-19 18:12:28 INFO  DataHandler:36 - Локаль: US
2018-04-19 18:12:28 INFO  DataHandler:41 - Greeter class returned string: Good night, CITYNAME
2018-04-19 18:12:28 ERROR DataHandler:21 - Ни один из параметров не может быть null!
2018-04-19 18:12:28 INFO  DataHandler:30 - Час текущей таймзоны: 11
2018-04-19 18:12:28 INFO  DataHandler:36 - Локаль: US
2018-04-19 18:12:28 INFO  DataHandler:41 - Greeter class returned string: Good day, CITYNAME
2018-04-19 18:12:28 INFO  DataHandler:25 - Input line: []
2018-04-19 18:12:28 ERROR DataHandler:49 - Параметр city не может быть пустым! Программа завершена.
2018-04-19 18:12:28 INFO  DataHandler:25 - Input line: []
2018-04-19 18:12:28 ERROR DataHandler:57 - Город не указан! Программа завершена.
2018-04-19 18:12:28 INFO  DataHandler:25 - Input line: [Costa, Rica]
2018-04-19 18:12:28 INFO  DataHandler:68 - city(DataHandle): Costa Rica , timezone(DataHandle): America/Costa_Rica
2018-04-19 18:12:28 INFO  DataHandler:25 - Input line: [Dnipro, Cuba]
2018-04-19 18:12:28 INFO  DataHandler:68 - city(DataHandle): Dnipro , timezone(DataHandle): Cuba
2018-04-19 18:12:28 INFO  DataHandler:25 - Input line: [City     ,      Name,           Etc/GMT+10]
2018-04-19 18:12:28 INFO  DataHandler:68 - city(DataHandle): City Name , timezone(DataHandle): Etc/GMT+10
2018-04-19 18:12:28 INFO  DataHandler:25 - Input line: [CityOnCuba_, Cuba]
2018-04-19 18:12:28 ERROR DataHandler:64 - Доп символы кроме пробелов и букв в названии города недопустимы: CityOnCuba_ 
Программа завершена.
2018-04-19 18:12:28 INFO  DataHandler:25 - Input line: [CityOnCuba, Cuba!]
2018-04-19 18:12:28 ERROR DataHandler:38 - Последий параметр не является идентификатором, значит относится к городу. Доп символы кроме пробелов и букв в названии города недопустимы: CityOnCuba Cuba! 
Программа завершена.
2018-04-19 18:12:28 INFO  DataHandler:25 - Input line: [Dnipro]
2018-04-19 18:12:28 INFO  DataHandler:68 - city(DataHandle): Dnipro , timezone(DataHandle): GMT
2018-04-19 18:12:28 INFO  DataHandler:25 - Input line: [Kiev_]
2018-04-19 18:12:28 ERROR DataHandler:64 - Доп символы кроме пробелов и букв в названии города недопустимы: Kiev_ 
Программа завершена.
2018-04-19 18:18:36 ERROR DataHandler:25 - Параметр city не может быть пустым!
2018-04-19 18:18:36 ERROR DataHandler:21 - Ни один из параметров не может быть null!
2018-04-19 18:18:36 INFO  DataHandler:30 - Час текущей таймзоны: 15
2018-04-19 18:18:36 INFO  DataHandler:36 - Локаль: US
2018-04-19 18:18:36 INFO  DataHandler:41 - Greeter class returned string: Good day, CITYNAME
2018-04-19 18:18:36 INFO  DataHandler:30 - Час текущей таймзоны: 1
2018-04-19 18:18:36 INFO  DataHandler:36 - Локаль: US
2018-04-19 18:18:36 INFO  DataHandler:41 - Greeter class returned string: Good night, CITYNAME
2018-04-19 18:18:36 ERROR DataHandler:21 - Ни один из параметров не может быть null!
2018-04-19 18:18:36 INFO  DataHandler:30 - Час текущей таймзоны: 11
2018-04-19 18:18:36 INFO  DataHandler:36 - Локаль: US
2018-04-19 18:18:36 INFO  DataHandler:41 - Greeter class returned string: Good day, CITYNAME
2018-04-19 18:18:36 INFO  DataHandler:25 - Input line: []
2018-04-19 18:18:36 ERROR DataHandler:49 - Параметр city не может быть пустым! Программа завершена.
2018-04-19 18:18:36 INFO  DataHandler:25 - Input line: []
2018-04-19 18:18:36 ERROR DataHandler:57 - Город не указан! Программа завершена.
2018-04-19 18:18:36 INFO  DataHandler:25 - Input line: [Costa, Rica]
2018-04-19 18:18:36 INFO  DataHandler:68 - city(DataHandle): Costa Rica , timezone(DataHandle): America/Costa_Rica
2018-04-19 18:18:36 INFO  DataHandler:25 - Input line: [Dnipro, Cuba]
2018-04-19 18:18:36 INFO  DataHandler:68 - city(DataHandle): Dnipro , timezone(DataHandle): Cuba
2018-04-19 18:18:36 INFO  DataHandler:25 - Input line: [City     ,      Name,           Etc/GMT+10]
2018-04-19 18:18:36 INFO  DataHandler:68 - city(DataHandle): City Name , timezone(DataHandle): Etc/GMT+10
2018-04-19 18:18:36 INFO  DataHandler:25 - Input line: [CityOnCuba_, Cuba]
2018-04-19 18:18:36 ERROR DataHandler:64 - Доп символы кроме пробелов и букв в названии города недопустимы: CityOnCuba_ 
Программа завершена.
2018-04-19 18:18:36 INFO  DataHandler:25 - Input line: [CityOnCuba, Cuba!]
2018-04-19 18:18:36 ERROR DataHandler:38 - Последий параметр не является идентификатором, значит относится к городу. Доп символы кроме пробелов и букв в названии города недопустимы: CityOnCuba Cuba! 
Программа завершена.
2018-04-19 18:18:36 INFO  DataHandler:25 - Input line: [Dnipro]
2018-04-19 18:18:36 INFO  DataHandler:68 - city(DataHandle): Dnipro , timezone(DataHandle): GMT
2018-04-19 18:18:36 INFO  DataHandler:25 - Input line: [Kiev_]
2018-04-19 18:18:36 ERROR DataHandler:64 - Доп символы кроме пробелов и букв в названии города недопустимы: Kiev_ 
Программа завершена.
2018-04-19 18:19:03 ERROR DataHandler:25 - Параметр city не может быть пустым!
2018-04-19 18:19:03 ERROR DataHandler:21 - Ни один из параметров не может быть null!
2018-04-19 18:19:03 INFO  DataHandler:30 - Час текущей таймзоны: 15
2018-04-19 18:19:03 INFO  DataHandler:36 - Локаль: US
2018-04-19 18:19:03 INFO  DataHandler:41 - Greeter class returned string: Good day, CITYNAME
2018-04-19 18:19:03 INFO  DataHandler:30 - Час текущей таймзоны: 1
2018-04-19 18:19:03 INFO  DataHandler:36 - Локаль: US
2018-04-19 18:19:03 INFO  DataHandler:41 - Greeter class returned string: Good night, CITYNAME
2018-04-19 18:19:03 ERROR DataHandler:21 - Ни один из параметров не может быть null!
2018-04-19 18:19:03 INFO  DataHandler:30 - Час текущей таймзоны: 11
2018-04-19 18:19:03 INFO  DataHandler:36 - Локаль: US
2018-04-19 18:19:03 INFO  DataHandler:41 - Greeter class returned string: Good day, CITYNAME
2018-04-19 18:19:03 INFO  DataHandler:25 - Input line: []
2018-04-19 18:19:03 ERROR DataHandler:49 - Параметр city не может быть пустым! Программа завершена.
2018-04-19 18:19:03 INFO  DataHandler:25 - Input line: []
2018-04-19 18:19:03 ERROR DataHandler:57 - Город не указан! Программа завершена.
2018-04-19 18:19:03 INFO  DataHandler:25 - Input line: [Costa, Rica]
2018-04-19 18:19:03 INFO  DataHandler:68 - city(DataHandle): Costa Rica , timezone(DataHandle): America/Costa_Rica
2018-04-19 18:19:03 INFO  DataHandler:25 - Input line: [Dnipro, Cuba]
2018-04-19 18:19:03 INFO  DataHandler:68 - city(DataHandle): Dnipro , timezone(DataHandle): Cuba
2018-04-19 18:19:03 INFO  DataHandler:25 - Input line: [City     ,      Name,           Etc/GMT+10]
2018-04-19 18:19:03 INFO  DataHandler:68 - city(DataHandle): City Name , timezone(DataHandle): Etc/GMT+10
2018-04-19 18:19:03 INFO  DataHandler:25 - Input line: [CityOnCuba_, Cuba]
2018-04-19 18:19:03 ERROR DataHandler:64 - Доп символы кроме пробелов и букв в названии города недопустимы: CityOnCuba_ 
Программа завершена.
2018-04-19 18:19:03 INFO  DataHandler:25 - Input line: [CityOnCuba, Cuba!]
2018-04-19 18:19:03 ERROR DataHandler:38 - Последий параметр не является идентификатором, значит относится к городу. Доп символы кроме пробелов и букв в названии города недопустимы: CityOnCuba Cuba! 
Программа завершена.
2018-04-19 18:19:03 INFO  DataHandler:25 - Input line: [Dnipro]
2018-04-19 18:19:03 INFO  DataHandler:68 - city(DataHandle): Dnipro , timezone(DataHandle): GMT
2018-04-19 18:19:03 INFO  DataHandler:25 - Input line: [Kiev_]
2018-04-19 18:19:03 ERROR DataHandler:64 - Доп символы кроме пробелов и букв в названии города недопустимы: Kiev_ 
Программа завершена.
