2018-04-19 15:27:45 INFO  DataHandler:23 - Input line: [Cuba]
2018-04-19 15:27:46 INFO  DataHandler:63 - DataHandle class finished handling.
2018-04-19 15:27:46 INFO  DataHandler:64 - city(DataHandle): Cuba , timezone(DataHandle): Cuba
2018-04-19 15:28:12 INFO  DataHandler:23 - Input line: [Dnipro]
2018-04-19 15:28:13 INFO  DataHandler:63 - DataHandle class finished handling.
2018-04-19 15:28:13 INFO  DataHandler:64 - city(DataHandle): Dnipro , timezone(DataHandle): GMT
2018-04-19 15:29:27 INFO  DataHandler:23 - Input line: [Dnipro1]
2018-04-19 15:29:27 ERROR DataHandler:59 - Доп символы кроме пробелов и букв в названии города недопустимы!
2018-04-19 15:31:08 INFO  DataHandler:23 - Input line: [Dnipro1]
2018-04-19 15:31:08 ERROR DataHandler:60 - Доп символы кроме пробелов и букв в названии города недопустимы! Программа завершена.
2018-04-19 15:31:41 INFO  DataHandler:23 - Input line: [Dnipro1, Dni]
2018-04-19 15:31:41 ERROR DataHandler:35 - Последий параметр не является идентификатором, доп символы кроме пробелов и букв в названии города недопустимы!
Программа завершена.
2018-04-19 15:32:04 INFO  DataHandler:23 - Input line: [Dnipro1, Dni]
2018-04-19 15:32:04 ERROR DataHandler:35 - 
Последий параметр не является идентификатором, доп символы кроме пробелов и букв в названии города недопустимы!
Программа завершена.
2018-04-19 15:33:57 INFO  DataHandler:23 - Input line: [Dnipro1, Dni]
2018-04-19 15:33:57 ERROR DataHandler:36 - 
Последий параметр не является идентификатором. Доп символы кроме пробелов и букв в названии города недопустимы: Dnipro1 Dni 
Программа завершена.
2018-04-19 15:34:43 INFO  DataHandler:23 - Input line: [Dnipro1, Dni]
2018-04-19 15:34:43 ERROR DataHandler:36 - Последий параметр не является идентификатором. Доп символы кроме пробелов и букв в названии города недопустимы: Dnipro1 Dni 
Программа завершена.
2018-04-19 15:35:09 INFO  DataHandler:23 - Input line: [Dnipro, Dni1]
2018-04-19 15:35:09 ERROR DataHandler:36 - Последий параметр не является идентификатором. Доп символы кроме пробелов и букв в названии города недопустимы: Dnipro Dni1 
Программа завершена.
2018-04-19 15:40:35 INFO  DataHandler:23 - Input line: [Dnipro, Dni1]
2018-04-19 15:40:35 ERROR DataHandler:36 - Последий параметр не является идентификатором. Доп символы кроме пробелов и букв в названии города недопустимы: Dnipro Dni1 
Программа завершена.
2018-04-19 15:40:39 INFO  DataHandler:23 - Input line: [Dnipro, Dni]
2018-04-19 15:40:39 INFO  DataHandler:66 - DataHandle class finished handling.
2018-04-19 15:40:39 INFO  DataHandler:67 - city(DataHandle): Dnipro Dni , timezone(DataHandle): GMT
2018-04-19 15:40:39 INFO  DataHandler:32 - Час текущей таймзоны: 12
2018-04-19 15:40:39 INFO  DataHandler:38 - Локаль: RU
2018-04-19 15:40:39 INFO  DataHandler:43 - Greeter class returned string: Добрый день, Dnipro Dni 
2018-04-19 15:41:18 INFO  DataHandler:23 - Input line: [Dnipro, Dni]
2018-04-19 15:41:18 INFO  DataHandler:66 - city(DataHandle): Dnipro Dni , timezone(DataHandle): GMT
2018-04-19 15:41:18 INFO  DataHandler:32 - Час текущей таймзоны: 12
2018-04-19 15:41:18 INFO  DataHandler:38 - Локаль: RU
2018-04-19 15:41:18 INFO  DataHandler:43 - Greeter class returned string: Добрый день, Dnipro Dni 
2018-04-19 15:41:38 INFO  DataHandler:23 - Input line: [Kief]
2018-04-19 15:41:38 INFO  DataHandler:66 - city(DataHandle): Kief , timezone(DataHandle): GMT
2018-04-19 15:41:38 INFO  DataHandler:32 - Час текущей таймзоны: 12
2018-04-19 15:41:38 INFO  DataHandler:38 - Локаль: RU
2018-04-19 15:41:38 INFO  DataHandler:43 - Greeter class returned string: Добрый день, Kief 
2018-04-19 15:41:51 INFO  DataHandler:23 - Input line: [Kiev]
2018-04-19 15:41:51 INFO  DataHandler:66 - city(DataHandle): Kiev , timezone(DataHandle): Europe/Kiev
2018-04-19 15:41:51 INFO  DataHandler:32 - Час текущей таймзоны: 15
2018-04-19 15:41:51 INFO  DataHandler:38 - Локаль: RU
2018-04-19 15:41:51 INFO  DataHandler:43 - Greeter class returned string: Добрый день, Kiev 
